build/app/intermediates/manifest_merge_blame_file/debug/manifest-merger-blame-debug-report.txt
1<?xml version="1.0" encoding="utf-8"?>
2<manifest xmlns:android="http://schemas.android.com/apk/res/android"
3    package="com.wabtech.bloc"
4    android:versionCode="1"
5    android:versionName="1.0.0" >
6
7    <uses-sdk
8        android:minSdkVersion="16"
9        android:targetSdkVersion="28" />
10    <!--
11         Flutter needs it to communicate with the running application
12         to allow setting breakpoints, to provide hot reload, etc.
13    -->
14    <uses-permission android:name="android.permission.INTERNET" />
14-->src/debug/AndroidManifest.xml:6:5-66
14-->src/debug/AndroidManifest.xml:6:22-64
15    <uses-permission android:name="android.permission.READ_EXTERNAL_STORAGE" />
15-->[:image_picker] AndroidManifest.xml:7:5-80
15-->[:image_picker] AndroidManifest.xml:7:22-77
16    <uses-permission android:name="android.permission.WRITE_EXTERNAL_STORAGE" />
16-->[:image_picker] AndroidManifest.xml:8:5-81
16-->[:image_picker] AndroidManifest.xml:8:22-78
17    <uses-permission android:name="android.permission.CAMERA" />
17-->[:image_picker] AndroidManifest.xml:9:5-65
17-->[:image_picker] AndroidManifest.xml:9:22-62
18    <!--
19 io.flutter.app.FlutterApplication is an android.app.Application that
20         calls FlutterMain.startInitialization(this); in its onCreate method.
21         In most cases you can leave this as-is, but you if you want to provide
22         additional functionality it is fine to subclass or reimplement
23         FlutterApplication and put your custom class here.
24    -->
25    <application
25-->src/main/AndroidManifest.xml:8:5-29:19
26        android:name="io.flutter.app.FlutterApplication"
26-->src/main/AndroidManifest.xml:9:9-57
27        android:appComponentFactory="android.support.v4.app.CoreComponentFactory"
27-->[com.android.support:support-compat:28.0.0] AndroidManifest.xml:22:18-91
28        android:debuggable="true"
29        android:icon="@mipmap/ic_launcher"
29-->src/main/AndroidManifest.xml:11:9-43
30        android:label="bloc" >
30-->src/main/AndroidManifest.xml:10:9-29
31        <activity
31-->src/main/AndroidManifest.xml:12:9-23:20
32            android:name="com.wabtech.bloc.MainActivity"
32-->src/main/AndroidManifest.xml:13:13-41
33            android:configChanges="orientation|keyboardHidden|keyboard|screenSize|smallestScreenSize|locale|layoutDirection|fontScale|screenLayout|density|uiMode"
33-->src/main/AndroidManifest.xml:16:13-163
34            android:hardwareAccelerated="true"
34-->src/main/AndroidManifest.xml:17:13-47
35            android:launchMode="singleTop"
35-->src/main/AndroidManifest.xml:14:13-43
36            android:theme="@style/LaunchTheme"
36-->src/main/AndroidManifest.xml:15:13-47
37            android:windowSoftInputMode="adjustResize" >
37-->src/main/AndroidManifest.xml:18:13-55
38            <intent-filter>
38-->src/main/AndroidManifest.xml:19:13-22:29
39                <action android:name="android.intent.action.MAIN" />
39-->src/main/AndroidManifest.xml:20:17-68
39-->src/main/AndroidManifest.xml:20:25-66
40
41                <category android:name="android.intent.category.LAUNCHER" />
41-->src/main/AndroidManifest.xml:21:17-76
41-->src/main/AndroidManifest.xml:21:27-74
42            </intent-filter>
43        </activity>
44        <!--
45             Don't delete the meta-data below.
46             This is used by the Flutter tool to generate GeneratedPluginRegistrant.java
47        -->
48        <meta-data
48-->src/main/AndroidManifest.xml:26:9-28:33
49            android:name="flutterEmbedding"
49-->src/main/AndroidManifest.xml:27:13-44
50            android:value="2" />
50-->src/main/AndroidManifest.xml:28:13-30
51
52        <provider
52-->[:image_picker] AndroidManifest.xml:12:9-20:20
53            android:name="io.flutter.plugins.imagepicker.ImagePickerFileProvider"
53-->[:image_picker] AndroidManifest.xml:13:13-82
54            android:authorities="com.wabtech.bloc.flutter.image_provider"
54-->[:image_picker] AndroidManifest.xml:14:13-74
55            android:exported="false"
55-->[:image_picker] AndroidManifest.xml:15:13-37
56            android:grantUriPermissions="true" >
56-->[:image_picker] AndroidManifest.xml:16:13-47
57            <meta-data
57-->[:image_picker] AndroidManifest.xml:17:13-19:75
58                android:name="android.support.FILE_PROVIDER_PATHS"
58-->[:image_picker] AndroidManifest.xml:18:17-67
59                android:resource="@xml/flutter_image_picker_file_paths" />
59-->[:image_picker] AndroidManifest.xml:19:17-72
60        </provider>
61    </application>
62
63</manifest>